0 info it worked if it ends with ok
1 verbose cli [ 'C:\\Program Files\\nodejs\\node.exe',
1 verbose cli   'C:\\Program Files\\nodejs\\node_modules\\npm\\bin\\npm-cli.js',
1 verbose cli   'run',
1 verbose cli   'typings',
1 verbose cli   '--',
1 verbose cli   'install',
1 verbose cli   'dt~jasmine',
1 verbose cli   '--save' ]
2 info using npm@2.15.0
3 info using node@v4.4.2
4 verbose stack Error: ENOENT: no such file or directory, open 'E:\var\Dropbox\projects\minutephp\public\static\package.json'
4 verbose stack     at Error (native)
5 verbose cwd E:\var\Dropbox\projects\minutephp\public\static
6 error Windows_NT 6.1.7601
7 error argv "C:\\Program Files\\nodejs\\node.exe" "C:\\Program Files\\nodejs\\node_modules\\npm\\bin\\npm-cli.js" "run" "typings" "--" "install" "dt~jasmine" "--save"
8 error node v4.4.2
9 error npm  v2.15.0
10 error path E:\var\Dropbox\projects\minutephp\public\static\package.json
11 error code ENOENT
12 error errno -4058
13 error syscall open
14 error enoent ENOENT: no such file or directory, open 'E:\var\Dropbox\projects\minutephp\public\static\package.json'
14 error enoent This is most likely not a problem with npm itself
14 error enoent and is related to npm not being able to find a file.
15 verbose exit [ -4058, true ]
